Using pre-set license
Built from '2020.3/staging' branch; Version is '2020.3.22f1 (e1a7f79fd887) revision 14788599'; Using compiler version '192528614'; Build Type 'Release'
OS: 'Windows 10 Pro; OS build 19042.1586; Version 2009; 64bit' Language: 'es' Physical Memory: 16332 MB
BatchMode: 1, IsHumanControllingUs: 0, StartBugReporterOnCrash: 0, Is64bit: 1, IsPro: 0

COMMAND LINE ARGUMENTS:
C:\Program Files\Unity\Hub\Editor\2020.3.22f1\Editor\Unity.exe
-adb2
-batchMode
-noUpm
-name
AssetImportWorker0
-projectPath
E:/Documentos/GitHub/Proyectos/Metroidvania
-logFile
Logs/AssetImportWorker0.log
-srvPort
65257
Successfully changed project path to: E:/Documentos/GitHub/Proyectos/Metroidvania
E:/Documentos/GitHub/Proyectos/Metroidvania
Using Asset Import Pipeline V2.
Refreshing native plugins compatible for Editor in 55.43 ms, found 3 plugins.
Preloading 0 native plugins for Editor in 0.00 ms.
Initialize engine version: 2020.3.22f1 (e1a7f79fd887)
[Subsystems] Discovering subsystems at path C:/Program Files/Unity/Hub/Editor/2020.3.22f1/Editor/Data/Resources/UnitySubsystems
[Subsystems] Discovering subsystems at path E:/Documentos/GitHub/Proyectos/Metroidvania/Assets
GfxDevice: creating device client; threaded=0
Direct3D:
    Version:  Direct3D 11.0 [level 11.1]
    Renderer: NVIDIA GeForce GTX 1660 SUPER (ID=0x21c4)
    Vendor:   
    VRAM:     5991 MB
    Driver:   30.0.14.7141
Initialize mono
Mono path[0] = 'C:/Program Files/Unity/Hub/Editor/2020.3.22f1/Editor/Data/Managed'
Mono path[1] = 'C:/Program Files/Unity/Hub/Editor/2020.3.22f1/Editor/Data/MonoBleedingEdge/lib/mono/unityjit'
Mono config path = 'C:/Program Files/Unity/Hub/Editor/2020.3.22f1/Editor/Data/MonoBleedingEdge/etc'
Using monoOptions --debugger-agent=transport=dt_socket,embedding=1,server=y,suspend=n,address=127.0.0.1:56460
Begin MonoManager ReloadAssembly
Registering precompiled unity dll's ...
Register platform support module: C:/Program Files/Unity/Hub/Editor/2020.3.22f1/Editor/Data/PlaybackEngines/WebGLSupport/UnityEditor.WebGL.Extensions.dll
Register platform support module: C:/Program Files/Unity/Hub/Editor/2020.3.22f1/Editor/Data/PlaybackEngines/WindowsStandaloneSupport/UnityEditor.WindowsStandalone.Extensions.dll
Registered in 0.004964 seconds.
Native extension for WindowsStandalone target not found
Native extension for WebGL target not found
Refreshing native plugins compatible for Editor in 63.97 ms, found 3 plugins.
Preloading 0 native plugins for Editor in 0.00 ms.
Mono: successfully reloaded assembly
- Completed reload, in  2.648 seconds
Domain Reload Profiling:
	ReloadAssembly (2648ms)
		BeginReloadAssembly (68ms)
			ExecutionOrderSort (0ms)
			DisableScriptedObjects (0ms)
			BackupInstance (0ms)
			ReleaseScriptingObjects (0ms)
			CreateAndSetChildDomain (1ms)
		EndReloadAssembly (563ms)
			LoadAssemblies (65ms)
			RebuildTransferFunctionScriptingTraits (0ms)
			SetupTypeCache (174ms)
			ReleaseScriptCaches (0ms)
			RebuildScriptCaches (35ms)
			SetupLoadedEditorAssemblies (224ms)
				LogAssemblyErrors (0ms)
				InitializePlatformSupportModulesInManaged (6ms)
				SetLoadedEditorAssemblies (0ms)
				RefreshPlugins (64ms)
				BeforeProcessingInitializeOnLoad (21ms)
				ProcessInitializeOnLoadAttributes (100ms)
				ProcessInitializeOnLoadMethodAttributes (33ms)
				AfterProcessingInitializeOnLoad (0ms)
				EditorAssembliesLoaded (0ms)
			ExecutionOrderSort2 (0ms)
			AwakeInstancesAfterBackupRestoration (0ms)
Platform modules already initialized, skipping
Registering precompiled user dll's ...
Registered in 0.006078 seconds.
Begin MonoManager ReloadAssembly
Native extension for WindowsStandalone target not found
Native extension for WebGL target not found
Refreshing native plugins compatible for Editor in 58.33 ms, found 3 plugins.
Preloading 0 native plugins for Editor in 0.00 ms.
Mono: successfully reloaded assembly
- Completed reload, in  1.496 seconds
Domain Reload Profiling:
	ReloadAssembly (1497ms)
		BeginReloadAssembly (163ms)
			ExecutionOrderSort (0ms)
			DisableScriptedObjects (5ms)
			BackupInstance (0ms)
			ReleaseScriptingObjects (0ms)
			CreateAndSetChildDomain (18ms)
		EndReloadAssembly (1260ms)
			LoadAssemblies (112ms)
			RebuildTransferFunctionScriptingTraits (0ms)
			SetupTypeCache (348ms)
			ReleaseScriptCaches (1ms)
			RebuildScriptCaches (54ms)
			SetupLoadedEditorAssemblies (603ms)
				LogAssemblyErrors (0ms)
				InitializePlatformSupportModulesInManaged (5ms)
				SetLoadedEditorAssemblies (0ms)
				RefreshPlugins (58ms)
				BeforeProcessingInitializeOnLoad (89ms)
				ProcessInitializeOnLoadAttributes (424ms)
				ProcessInitializeOnLoadMethodAttributes (17ms)
				AfterProcessingInitializeOnLoad (9ms)
				EditorAssembliesLoaded (0ms)
			ExecutionOrderSort2 (0ms)
			AwakeInstancesAfterBackupRestoration (7ms)
Platform modules already initialized, skipping
========================================================================
Worker process is ready to serve import requests
Launched and connected shader compiler UnityShaderCompiler.exe after 0.06 seconds
Refreshing native plugins compatible for Editor in 0.55 ms, found 3 plugins.
Preloading 0 native plugins for Editor in 0.00 ms.
Unloading 2261 Unused Serialized files (Serialized files now loaded: 0)
System memory in use before: 99.7 MB.
System memory in use after: 99.8 MB.

Unloading 28 unused Assets to reduce memory usage. Loaded Objects now: 2697.
Total: 4.082100 ms (FindLiveObjects: 0.306800 ms CreateObjectMapping: 0.058900 ms MarkObjects: 3.630900 ms  DeleteObjects: 0.083800 ms)

AssetImportParameters requested are different than current active one (requested -> active):
  custom:framework-win-MediaFoundation: 216162199b28c13a410421893ffa2e32 -> 
  custom:video-decoder-ogg-theora: a1e56fd34408186e4bbccfd4996cb3dc -> 
  custom:container-muxer-webm: aa71ff27fc2769a1b78a27578f13a17b -> 
  custom:container-demuxer-webm: 4f35f7cbe854078d1ac9338744f61a02 -> 
  custom:container-demuxer-ogg: 62fdf1f143b41e24485cea50d1cbac27 -> 
  custom:video-encoder-webm-vp8: eb34c28f22e8b96e1ab97ce403110664 -> 
  custom:video-decoder-webm-vp8: 9c59270c3fd7afecdb556c50c9e8de78 -> 
  custom:audio-decoder-ogg-vorbis: bf7c407c2cedff20999df2af8eb42d56 -> 
  custom:audio-encoder-webm-vorbis: bf7c407c2cedff20999df2af8eb42d56 -> 
========================================================================
Received Import Request.
  path: Assets/Sprites/Tiles-Sheet.png
  artifactKey: Guid(25b79fa1d14ab9947a23fe75b407862f) Importer(815301076,1909f56bfc062723c751e8b465ee728b)
Start importing Assets/Sprites/Tiles-Sheet.png using Guid(25b79fa1d14ab9947a23fe75b407862f) Importer(815301076,1909f56bfc062723c751e8b465ee728b)  -> (artifact id: '0c9e2e4ee3c9814b6c7740bdb26977a5') in 0.180470 seconds 
  Import took 0.184149 seconds .

========================================================================
Received Import Request.
  Time since last request: 0.019698 seconds.
  path: Assets/Scenes/Portada.unity
  artifactKey: Guid(10eb9887b7372904bb7170a31e95656e) Importer(815301076,1909f56bfc062723c751e8b465ee728b)
Start importing Assets/Scenes/Portada.unity using Guid(10eb9887b7372904bb7170a31e95656e) Importer(815301076,1909f56bfc062723c751e8b465ee728b)  -> (artifact id: '4775a1d7a25aef73c69e79271cd10ce0') in 0.006522 seconds 
  Import took 0.010281 seconds .

========================================================================
Received Import Request.
  Time since last request: 0.002898 seconds.
  path: Assets/Scripts/SceneLoader.cs
  artifactKey: Guid(8f184bbc11987084a8cb0a8d1532c477) Importer(815301076,1909f56bfc062723c751e8b465ee728b)
Start importing Assets/Scripts/SceneLoader.cs using Guid(8f184bbc11987084a8cb0a8d1532c477) Importer(815301076,1909f56bfc062723c751e8b465ee728b)  -> (artifact id: '0d75b3c100bfedf92e8257313decc89c') in 0.013903 seconds 
  Import took 0.017745 seconds .

========================================================================
Received Import Request.
  Time since last request: 0.005747 seconds.
  path: Assets/Materials/Fondo.mat
  artifactKey: Guid(a02a65a1b9446e94498859d08d5262f0) Importer(815301076,1909f56bfc062723c751e8b465ee728b)
Start importing Assets/Materials/Fondo.mat using Guid(a02a65a1b9446e94498859d08d5262f0) Importer(815301076,1909f56bfc062723c751e8b465ee728b)  -> (artifact id: 'efbd811ee818a650b9d49b606c1d8455') in 0.073133 seconds 
  Import took 0.077325 seconds .

========================================================================
Received Import Request.
  Time since last request: 0.008778 seconds.
  path: Assets/Scripts/PlatformLoader.cs
  artifactKey: Guid(cd66a782437650543908aa44b70cd791) Importer(815301076,1909f56bfc062723c751e8b465ee728b)
Start importing Assets/Scripts/PlatformLoader.cs using Guid(cd66a782437650543908aa44b70cd791) Importer(815301076,1909f56bfc062723c751e8b465ee728b)  -> (artifact id: '2d48fdb55fd8c7ba61770c2dffab159e') in 0.004879 seconds 
  Import took 0.008480 seconds .

========================================================================
Received Import Request.
  Time since last request: 0.005380 seconds.
  path: Assets/Sprites/Background.png
  artifactKey: Guid(b63ce837b1ab26d43ba5753abe48f2cf) Importer(815301076,1909f56bfc062723c751e8b465ee728b)
Start importing Assets/Sprites/Background.png using Guid(b63ce837b1ab26d43ba5753abe48f2cf) Importer(815301076,1909f56bfc062723c751e8b465ee728b)  -> (artifact id: 'cb95ce6d963f09fd1be92b0319e3df4e') in 0.019331 seconds 
  Import took 0.022781 seconds .

========================================================================
Received Import Request.
  Time since last request: 0.021186 seconds.
  path: Assets/Resources/PlatformA.prefab
  artifactKey: Guid(32448c82e630ba44695bc8014f5db627) Importer(815301076,1909f56bfc062723c751e8b465ee728b)
Start importing Assets/Resources/PlatformA.prefab using Guid(32448c82e630ba44695bc8014f5db627) Importer(815301076,1909f56bfc062723c751e8b465ee728b)  -> (artifact id: '1b16c588e16905759286fa2c79be660a') in 0.026592 seconds 
  Import took 0.030189 seconds .

========================================================================
Received Import Request.
  Time since last request: 0.004340 seconds.
  path: Assets/Resources
  artifactKey: Guid(964ec1887a95eae4dae10932d50c0deb) Importer(815301076,1909f56bfc062723c751e8b465ee728b)
Start importing Assets/Resources using Guid(964ec1887a95eae4dae10932d50c0deb) Importer(815301076,1909f56bfc062723c751e8b465ee728b)  -> (artifact id: 'f51a16566181f1aed50abbc340b07415') in 0.004608 seconds 
  Import took 0.007858 seconds .

========================================================================
Received Import Request.
  Time since last request: 0.003451 seconds.
  path: Assets/Scripts
  artifactKey: Guid(c6e31641bb2fa974f9fb3d653b3d472c) Importer(815301076,1909f56bfc062723c751e8b465ee728b)
Start importing Assets/Scripts using Guid(c6e31641bb2fa974f9fb3d653b3d472c) Importer(815301076,1909f56bfc062723c751e8b465ee728b)  -> (artifact id: 'f2fa4f4d75d7a3d3076b4949ddfde393') in 0.004653 seconds 
  Import took 0.007907 seconds .

========================================================================
Received Import Request.
  Time since last request: 0.005462 seconds.
  path: Assets/Scripts/Coin.cs
  artifactKey: Guid(25fa0f8b771784b4188037351f27aaee) Importer(815301076,1909f56bfc062723c751e8b465ee728b)
Start importing Assets/Scripts/Coin.cs using Guid(25fa0f8b771784b4188037351f27aaee) Importer(815301076,1909f56bfc062723c751e8b465ee728b)  -> (artifact id: '2d0de35f684d9cdea62587cd9482606f') in 0.004537 seconds 
  Import took 0.007835 seconds .

========================================================================
Received Import Request.
  Time since last request: 0.008462 seconds.
  path: Assets/Animation/Character-Sheet_2.controller
  artifactKey: Guid(b15defdb3cc2ab14f9177be8cdc0f536) Importer(815301076,1909f56bfc062723c751e8b465ee728b)
Start importing Assets/Animation/Character-Sheet_2.controller using Guid(b15defdb3cc2ab14f9177be8cdc0f536) Importer(815301076,1909f56bfc062723c751e8b465ee728b)  -> (artifact id: 'd1d690199f38b8dc59993d65a88a0e5b') in 0.008298 seconds 
  Import took 0.011795 seconds .

========================================================================
Received Import Request.
  Time since last request: 0.005593 seconds.
  path: Assets/Animation/Run.anim
  artifactKey: Guid(873982dc67c0ede42b6ed7783e4b6667) Importer(815301076,1909f56bfc062723c751e8b465ee728b)
Start importing Assets/Animation/Run.anim using Guid(873982dc67c0ede42b6ed7783e4b6667) Importer(815301076,1909f56bfc062723c751e8b465ee728b)  -> (artifact id: '1eaee735c6dd13300b6122fa21835db8') in 0.007019 seconds 
  Import took 0.010495 seconds .

========================================================================
Received Import Request.
  Time since last request: 0.005527 seconds.
  path: Assets/Sprites/spr_coin_ama.png
  artifactKey: Guid(efbdcce666dc4cf49bcda0a48b322238) Importer(815301076,1909f56bfc062723c751e8b465ee728b)
Start importing Assets/Sprites/spr_coin_ama.png using Guid(efbdcce666dc4cf49bcda0a48b322238) Importer(815301076,1909f56bfc062723c751e8b465ee728b)  -> (artifact id: 'f4d4a14a04bbad779e79a61c82abcb3d') in 0.016226 seconds 
  Import took 0.019689 seconds .

========================================================================
Received Import Request.
  Time since last request: 0.006160 seconds.
  path: Assets/Sprites/Character-Sheet.png
  artifactKey: Guid(59e81ad4db0745944829a40622a1ffb2) Importer(815301076,1909f56bfc062723c751e8b465ee728b)
Start importing Assets/Sprites/Character-Sheet.png using Guid(59e81ad4db0745944829a40622a1ffb2) Importer(815301076,1909f56bfc062723c751e8b465ee728b)  -> (artifact id: '33e0d44427586efaf0be35e87fcd3de7') in 0.190575 seconds 
  Import took 0.195209 seconds .

========================================================================
Received Import Request.
  Time since last request: 0.006611 seconds.
  path: Assets/Sprites/LEMONMILK-Medium.otf
  artifactKey: Guid(836bd8a36cd511649847d6b57d19a129) Importer(815301076,1909f56bfc062723c751e8b465ee728b)
Start importing Assets/Sprites/LEMONMILK-Medium.otf using Guid(836bd8a36cd511649847d6b57d19a129) Importer(815301076,1909f56bfc062723c751e8b465ee728b)  -> (artifact id: '7c70240014666421aebe9a29aa204eba') in 0.026826 seconds 
  Import took 0.030336 seconds .

========================================================================
Received Import Request.
  Time since last request: 0.004126 seconds.
  path: Assets/Materials
  artifactKey: Guid(c3e2c426e8feffe4c9b272599c74fa9b) Importer(815301076,1909f56bfc062723c751e8b465ee728b)
Start importing Assets/Materials using Guid(c3e2c426e8feffe4c9b272599c74fa9b) Importer(815301076,1909f56bfc062723c751e8b465ee728b)  -> (artifact id: '2d705ca560beac71cc1b4375dd4b2f04') in 0.004879 seconds 
  Import took 0.008235 seconds .

========================================================================
Received Import Request.
  Time since last request: 0.005497 seconds.
  path: Assets/Scripts/CoinLoader.cs
  artifactKey: Guid(dffc517c0b635bb4db2e1820b25e0875) Importer(815301076,1909f56bfc062723c751e8b465ee728b)
Start importing Assets/Scripts/CoinLoader.cs using Guid(dffc517c0b635bb4db2e1820b25e0875) Importer(815301076,1909f56bfc062723c751e8b465ee728b)  -> (artifact id: '5e143b1d09c5abf22dbe4098b52e48bd') in 0.004651 seconds 
  Import took 0.008059 seconds .

========================================================================
Received Import Request.
  Time since last request: 0.005776 seconds.
  path: Assets/Resources/PlatformB.prefab
  artifactKey: Guid(4106c1ac91eeff44f8184d5c10e87bb2) Importer(815301076,1909f56bfc062723c751e8b465ee728b)
Start importing Assets/Resources/PlatformB.prefab using Guid(4106c1ac91eeff44f8184d5c10e87bb2) Importer(815301076,1909f56bfc062723c751e8b465ee728b)  -> (artifact id: '7256dfe392f8f1fd0b50c8424ba33209') in 0.011003 seconds 
  Import took 0.014603 seconds .

========================================================================
Received Import Request.
  Time since last request: 0.006194 seconds.
  path: Assets/Scripts/PlatformManager.cs
  artifactKey: Guid(5a8f8c0726b5d6f4d85a16e6d3655b70) Importer(815301076,1909f56bfc062723c751e8b465ee728b)
Start importing Assets/Scripts/PlatformManager.cs using Guid(5a8f8c0726b5d6f4d85a16e6d3655b70) Importer(815301076,1909f56bfc062723c751e8b465ee728b)  -> (artifact id: '402fe9f4dcd553e6abebc50245bfafc0') in 0.004623 seconds 
  Import took 0.008014 seconds .

========================================================================
Received Import Request.
  Time since last request: 0.005475 seconds.
  path: Assets/Scripts/RunerGameGlobals.cs
  artifactKey: Guid(e12a0e171e786c54d98daeaf9642dce9) Importer(815301076,1909f56bfc062723c751e8b465ee728b)
Start importing Assets/Scripts/RunerGameGlobals.cs using Guid(e12a0e171e786c54d98daeaf9642dce9) Importer(815301076,1909f56bfc062723c751e8b465ee728b)  -> (artifact id: '1f5d421482325f4dcda4a305f378cb79') in 0.004461 seconds 
  Import took 0.007829 seconds .

========================================================================
Received Import Request.
  Time since last request: 0.005767 seconds.
  path: Assets/Scripts/Player.cs
  artifactKey: Guid(697e216ebc22779478977f65809ed976) Importer(815301076,1909f56bfc062723c751e8b465ee728b)
Start importing Assets/Scripts/Player.cs using Guid(697e216ebc22779478977f65809ed976) Importer(815301076,1909f56bfc062723c751e8b465ee728b)  -> (artifact id: '5c9d8b74794729d59a443c99ac39f95f') in 0.005073 seconds 
  Import took 0.008537 seconds .

========================================================================
Received Import Request.
  Time since last request: 0.005818 seconds.
  path: Assets/Animation/Coin.anim
  artifactKey: Guid(eb5a8bbbc3cd29d47914ef1518c8cde1) Importer(815301076,1909f56bfc062723c751e8b465ee728b)
Start importing Assets/Animation/Coin.anim using Guid(eb5a8bbbc3cd29d47914ef1518c8cde1) Importer(815301076,1909f56bfc062723c751e8b465ee728b)  -> (artifact id: '670f3671ff3d021f513b0a8a29856d67') in 0.002687 seconds 
  Import took 0.006092 seconds .

========================================================================
Received Import Request.
  Time since last request: 0.005487 seconds.
  path: Assets/Resources/PlatformC.prefab
  artifactKey: Guid(01b511b75da28ff48928071a0218f330) Importer(815301076,1909f56bfc062723c751e8b465ee728b)
Start importing Assets/Resources/PlatformC.prefab using Guid(01b511b75da28ff48928071a0218f330) Importer(815301076,1909f56bfc062723c751e8b465ee728b)  -> (artifact id: '0f38f8260c4ce6f6ad6b817313ebf65f') in 0.010474 seconds 
  Import took 0.014045 seconds .

========================================================================
Received Import Request.
  Time since last request: 0.017686 seconds.
  path: Assets/Resources/Coin.prefab
  artifactKey: Guid(4572a35ff1c23dd4f9e7f23cee11457d) Importer(815301076,1909f56bfc062723c751e8b465ee728b)
Start importing Assets/Resources/Coin.prefab using Guid(4572a35ff1c23dd4f9e7f23cee11457d) Importer(815301076,1909f56bfc062723c751e8b465ee728b)  -> (artifact id: '23f852a5dd3109182d95fe22978059dd') in 0.013343 seconds 
  Import took 0.016909 seconds .

========================================================================
Received Import Request.
  Time since last request: 0.006349 seconds.
  path: Assets/Scenes/SampleScene.unity
  artifactKey: Guid(2cda990e2423bbf4892e6590ba056729) Importer(815301076,1909f56bfc062723c751e8b465ee728b)
Start importing Assets/Scenes/SampleScene.unity using Guid(2cda990e2423bbf4892e6590ba056729) Importer(815301076,1909f56bfc062723c751e8b465ee728b)  -> (artifact id: '39d27d4171c15b8a57ffa2ffbda528fe') in 0.005144 seconds 
  Import took 0.008513 seconds .

========================================================================
Received Import Request.
  Time since last request: 0.005515 seconds.
  path: Assets/Scripts/Platform.cs
  artifactKey: Guid(061a86a8cbd62f04097007c71b32942c) Importer(815301076,1909f56bfc062723c751e8b465ee728b)
Start importing Assets/Scripts/Platform.cs using Guid(061a86a8cbd62f04097007c71b32942c) Importer(815301076,1909f56bfc062723c751e8b465ee728b)  -> (artifact id: '328c64f1ddbda9391dd0b595741a44a5') in 0.004634 seconds 
  Import took 0.007949 seconds .

========================================================================
Received Import Request.
  Time since last request: 0.006066 seconds.
  path: Assets/Scripts/Parallax.cs
  artifactKey: Guid(5502bff17204bda42b55778deff62689) Importer(815301076,1909f56bfc062723c751e8b465ee728b)
Start importing Assets/Scripts/Parallax.cs using Guid(5502bff17204bda42b55778deff62689) Importer(815301076,1909f56bfc062723c751e8b465ee728b)  -> (artifact id: '79766aabca20d409fa8f41e5e680d972') in 0.004953 seconds 
  Import took 0.008225 seconds .

========================================================================
Received Import Request.
  Time since last request: 0.003684 seconds.
  path: Assets/Animation
  artifactKey: Guid(4e88ce493e5f2d348bd2649429423d80) Importer(815301076,1909f56bfc062723c751e8b465ee728b)
Start importing Assets/Animation using Guid(4e88ce493e5f2d348bd2649429423d80) Importer(815301076,1909f56bfc062723c751e8b465ee728b)  -> (artifact id: '6363a48f3c134dd358d2f62914fcfa83') in 0.004961 seconds 
  Import took 0.008158 seconds .

========================================================================
Received Import Request.
  Time since last request: 0.005998 seconds.
  path: Assets/Animation/spr_coin_ama_0.controller
  artifactKey: Guid(6a2dabf8db5c55c4f8f404b29c311c42) Importer(815301076,1909f56bfc062723c751e8b465ee728b)
Start importing Assets/Animation/spr_coin_ama_0.controller using Guid(6a2dabf8db5c55c4f8f404b29c311c42) Importer(815301076,1909f56bfc062723c751e8b465ee728b)  -> (artifact id: '23f06a4146e26a7c695b9e8499d803c8') in 0.005564 seconds 
  Import took 0.008929 seconds .

AssetImportWorkerClient::OnTransportError - code=2 error=End of file
